[0mCompiling "resources/public/js/main.js" from ["src"]...
Compiling /Users/akilharris/projects/om-next-crash/src/ta_crash/header_item.cljs
Compiling src/ta_crash/group_item.cljs
Compiling src/ta_crash/stat_group.cljs
Compiling src/ta_crash/core.cljs
Compiling target/figwheel_temp/dev/figwheel/connect.cljs
notifying browser that file changed:  resources/public/js/goog/deps.js
notifying browser that file changed:  resources/public/js/cljs_deps.js
notifying browser that file changed:  out/ta_crash/header_item.js
[32mSuccessfully compiled "resources/public/js/main.js" in 0.881 seconds.[0m
[0mCompiling "resources/public/js/main.js" from ["src"]...
Compiling src/ta_crash/value.cljs
Compiling /Users/akilharris/projects/om-next-crash/src/ta_crash/header_item.cljs
Compiling /Users/akilharris/projects/om-next-crash/src/ta_crash/sub_header_item.cljs
Compiling /Users/akilharris/projects/om-next-crash/src/ta_crash/default_item.cljs
Compiling src/ta_crash/group_item.cljs
Compiling src/ta_crash/stat_group.cljs
Compiling src/ta_crash/core.cljs
Compiling target/figwheel_temp/dev/figwheel/connect.cljs
notifying browser that file changed:  out/ta_crash/value.js
[32mSuccessfully compiled "resources/public/js/main.js" in 0.978 seconds.[0m
[0mCompiling "resources/public/js/main.js" from ["src"]...
Compiling /Users/akilharris/projects/om-next-crash/src/ta_crash/label.cljs
Compiling /Users/akilharris/projects/om-next-crash/src/ta_crash/header_item.cljs
Compiling /Users/akilharris/projects/om-next-crash/src/ta_crash/sub_header_item.cljs
Compiling /Users/akilharris/projects/om-next-crash/src/ta_crash/default_item.cljs
Compiling src/ta_crash/group_item.cljs
Compiling src/ta_crash/stat_group.cljs
Compiling src/ta_crash/core.cljs
Compiling target/figwheel_temp/dev/figwheel/connect.cljs
notifying browser that file changed:  out/ta_crash/label.js
[32mSuccessfully compiled "resources/public/js/main.js" in 0.557 seconds.[0m
[0mCompiling "resources/public/js/main.js" from ["src"]...
Compiling /Users/akilharris/projects/om-next-crash/src/ta_crash/default_item.cljs
Compiling src/ta_crash/group_item.cljs
Compiling src/ta_crash/stat_group.cljs
Compiling src/ta_crash/core.cljs
Compiling target/figwheel_temp/dev/figwheel/connect.cljs
notifying browser that file changed:  out/ta_crash/default_item.js
[32mSuccessfully compiled "resources/public/js/main.js" in 0.927 seconds.[0m
[0mCompiling "resources/public/js/main.js" from ["src"]...
Compiling src/ta_crash/group_item.cljs
Compiling src/ta_crash/stat_group.cljs
Compiling src/ta_crash/core.cljs
Compiling target/figwheel_temp/dev/figwheel/connect.cljs
notifying browser that file changed:  out/ta_crash/group_item.js
[32mSuccessfully compiled "resources/public/js/main.js" in 0.8 seconds.[0m
[0mCompiling "resources/public/js/main.js" from ["src"]...
Compiling /Users/akilharris/projects/om-next-crash/src/ta_crash/header_item.cljs
Compiling src/ta_crash/group_item.cljs
Compiling src/ta_crash/stat_group.cljs
Compiling src/ta_crash/core.cljs
Compiling target/figwheel_temp/dev/figwheel/connect.cljs
notifying browser that file changed:  out/ta_crash/header_item.js
[32mSuccessfully compiled "resources/public/js/main.js" in 0.527 seconds.[0m
[0mCompiling "resources/public/js/main.js" from ["src"]...
Compiling /Users/akilharris/projects/om-next-crash/src/ta_crash/sub_header_item.cljs
Compiling src/ta_crash/group_item.cljs
Compiling src/ta_crash/stat_group.cljs
Compiling src/ta_crash/core.cljs
Compiling target/figwheel_temp/dev/figwheel/connect.cljs
notifying browser that file changed:  out/ta_crash/sub_header_item.js
[32mSuccessfully compiled "resources/public/js/main.js" in 0.674 seconds.[0m
[0mCompiling "resources/public/js/main.js" from ["src"]...
Compiling src/ta_crash/core.cljs
Compiling target/figwheel_temp/dev/figwheel/connect.cljs
notifying browser that file changed:  out/ta_crash/core.js
[32mSuccessfully compiled "resources/public/js/main.js" in 0.16 seconds.[0m
[0mCompiling "resources/public/js/main.js" from ["src"]...
Compiling src/ta_crash/group_item.cljs
Compiling src/ta_crash/stat_group.cljs
Compiling src/ta_crash/core.cljs
Compiling target/figwheel_temp/dev/figwheel/connect.cljs
notifying browser that file changed:  out/ta_crash/group_item.js
[32mSuccessfully compiled "resources/public/js/main.js" in 1.009 seconds.[0m
[0mCompiling "resources/public/js/main.js" from ["src"]...
Compiling src/ta_crash/stat_group.cljs
Compiling src/ta_crash/core.cljs
Compiling target/figwheel_temp/dev/figwheel/connect.cljs
notifying browser that file changed:  out/ta_crash/stat_group.js
[32mSuccessfully compiled "resources/public/js/main.js" in 0.869 seconds.[0m
[0mCompiling "resources/public/js/main.js" from ["src"]...
Compiling /Users/akilharris/projects/om-next-crash/src/ta_crash/label.cljs
Compiling /Users/akilharris/projects/om-next-crash/src/ta_crash/header_item.cljs
Compiling /Users/akilharris/projects/om-next-crash/src/ta_crash/sub_header_item.cljs
Compiling /Users/akilharris/projects/om-next-crash/src/ta_crash/default_item.cljs
Compiling src/ta_crash/group_item.cljs
Compiling src/ta_crash/stat_group.cljs
Compiling src/ta_crash/core.cljs
Compiling target/figwheel_temp/dev/figwheel/connect.cljs
notifying browser that file changed:  out/ta_crash/label.js
[32mSuccessfully compiled "resources/public/js/main.js" in 1.153 seconds.[0m
[0mCompiling "resources/public/js/main.js" from ["src"]...
Compiling src/ta_crash/value.cljs
Compiling /Users/akilharris/projects/om-next-crash/src/ta_crash/header_item.cljs
Compiling /Users/akilharris/projects/om-next-crash/src/ta_crash/sub_header_item.cljs
Compiling /Users/akilharris/projects/om-next-crash/src/ta_crash/default_item.cljs
Compiling src/ta_crash/group_item.cljs
Compiling src/ta_crash/stat_group.cljs
Compiling src/ta_crash/core.cljs
Compiling target/figwheel_temp/dev/figwheel/connect.cljs
notifying browser that file changed:  out/ta_crash/value.js
[32mSuccessfully compiled "resources/public/js/main.js" in 0.708 seconds.[0m
[0mCompiling "resources/public/js/main.js" from ["src"]...
Compiling /Users/akilharris/projects/om-next-crash/src/ta_crash/header_item.cljs
Compiling src/ta_crash/group_item.cljs
Compiling src/ta_crash/stat_group.cljs
Compiling src/ta_crash/core.cljs
Compiling target/figwheel_temp/dev/figwheel/connect.cljs
notifying browser that file changed:  out/ta_crash/header_item.js
[32mSuccessfully compiled "resources/public/js/main.js" in 0.56 seconds.[0m
[0mCompiling "resources/public/js/main.js" from ["src"]...
Compiling /Users/akilharris/projects/om-next-crash/src/ta_crash/default_item.cljs
Compiling src/ta_crash/group_item.cljs
Compiling src/ta_crash/stat_group.cljs
Compiling src/ta_crash/core.cljs
Compiling target/figwheel_temp/dev/figwheel/connect.cljs
notifying browser that file changed:  out/ta_crash/default_item.js
[32mSuccessfully compiled "resources/public/js/main.js" in 0.277 seconds.[0m
[0mCompiling "resources/public/js/main.js" from ["src"]...
Compiling /Users/akilharris/projects/om-next-crash/src/ta_crash/sub_header_item.cljs
Compiling src/ta_crash/group_item.cljs
Compiling src/ta_crash/stat_group.cljs
Compiling src/ta_crash/core.cljs
Compiling target/figwheel_temp/dev/figwheel/connect.cljs
notifying browser that file changed:  out/ta_crash/sub_header_item.js
[32mSuccessfully compiled "resources/public/js/main.js" in 1.029 seconds.[0m
[0mCompiling "resources/public/js/main.js" from ["src"]...
Compiling src/ta_crash/core.cljs
Compiling target/figwheel_temp/dev/figwheel/connect.cljs
notifying browser that file changed:  resources/public/js/goog/deps.js
notifying browser that file changed:  resources/public/js/cljs_deps.js
notifying browser that file changed:  out/ta_crash/core.js
[32mSuccessfully compiled "resources/public/js/main.js" in 1.521 seconds.[0m
[0mCompiling "resources/public/js/main.js" from ["src"]...
Compiling src/ta_crash/core.cljs
Compiling target/figwheel_temp/dev/figwheel/connect.cljs
notifying browser that file changed:  out/ta_crash/core.js
[32mSuccessfully compiled "resources/public/js/main.js" in 0.429 seconds.[0m
[0mCompiling "resources/public/js/main.js" from ["src"]...
Compiling src/ta_crash/core.cljs
Compiling target/figwheel_temp/dev/figwheel/connect.cljs
notifying browser that file changed:  out/ta_crash/core.js
[32mSuccessfully compiled "resources/public/js/main.js" in 1.479 seconds.[0m
[0mCompiling "resources/public/js/main.js" from ["src"]...
Compiling src/ta_crash/core.cljs
Compiling target/figwheel_temp/dev/figwheel/connect.cljs
notifying browser that file changed:  out/ta_crash/core.js
[32mSuccessfully compiled "resources/public/js/main.js" in 0.302 seconds.[0m
[0mCompiling "resources/public/js/main.js" from ["src"]...
Compiling src/ta_crash/group_item.cljs
Compiling src/ta_crash/stat_group.cljs
Compiling src/ta_crash/core.cljs
Compiling target/figwheel_temp/dev/figwheel/connect.cljs
notifying browser that file changed:  out/ta_crash/group_item.js
[32mSuccessfully compiled "resources/public/js/main.js" in 1.23 seconds.[0m
[0mCompiling "resources/public/js/main.js" from ["src"]...
Compiling src/ta_crash/group_item.cljs
Compiling src/ta_crash/stat_group.cljs
Compiling src/ta_crash/core.cljs
Compiling target/figwheel_temp/dev/figwheel/connect.cljs
notifying browser that file changed:  out/ta_crash/group_item.js
[32mSuccessfully compiled "resources/public/js/main.js" in 0.72 seconds.[0m
[0mCompiling "resources/public/js/main.js" from ["src"]...
Compiling /Users/akilharris/projects/om-next-crash/src/ta_crash/header_item.cljs
Compiling src/ta_crash/group_item.cljs
Compiling src/ta_crash/stat_group.cljs
Compiling src/ta_crash/core.cljs
Compiling target/figwheel_temp/dev/figwheel/connect.cljs
notifying browser that file changed:  out/ta_crash/header_item.js
[32mSuccessfully compiled "resources/public/js/main.js" in 1.677 seconds.[0m
[0mCompiling "resources/public/js/main.js" from ["src"]...
Compiling /Users/akilharris/projects/om-next-crash/src/ta_crash/header_item.cljs
Compiling src/ta_crash/group_item.cljs
Compiling src/ta_crash/stat_group.cljs
Compiling src/ta_crash/core.cljs
Compiling target/figwheel_temp/dev/figwheel/connect.cljs
notifying browser that file changed:  out/ta_crash/header_item.js
[32mSuccessfully compiled "resources/public/js/main.js" in 0.978 seconds.[0m
[0mCompiling "resources/public/js/main.js" from ["src"]...
Compiling /Users/akilharris/projects/om-next-crash/src/ta_crash/label.cljs
Compiling /Users/akilharris/projects/om-next-crash/src/ta_crash/header_item.cljs
Compiling /Users/akilharris/projects/om-next-crash/src/ta_crash/sub_header_item.cljs
Compiling /Users/akilharris/projects/om-next-crash/src/ta_crash/default_item.cljs
Compiling src/ta_crash/group_item.cljs
Compiling src/ta_crash/stat_group.cljs
Compiling src/ta_crash/core.cljs
Compiling target/figwheel_temp/dev/figwheel/connect.cljs
notifying browser that file changed:  out/ta_crash/label.js
[32mSuccessfully compiled "resources/public/js/main.js" in 0.447 seconds.[0m
[0mCompiling "resources/public/js/main.js" from ["src"]...
Compiling src/ta_crash/value.cljs
Compiling /Users/akilharris/projects/om-next-crash/src/ta_crash/header_item.cljs
Compiling /Users/akilharris/projects/om-next-crash/src/ta_crash/sub_header_item.cljs
Compiling /Users/akilharris/projects/om-next-crash/src/ta_crash/default_item.cljs
Compiling src/ta_crash/group_item.cljs
Compiling src/ta_crash/stat_group.cljs
Compiling src/ta_crash/core.cljs
Compiling target/figwheel_temp/dev/figwheel/connect.cljs
notifying browser that file changed:  out/ta_crash/value.js
[32mSuccessfully compiled "resources/public/js/main.js" in 1.977 seconds.[0m
[0mCompiling "resources/public/js/main.js" from ["src"]...
Compiling src/ta_crash/core.cljs
Compiling target/figwheel_temp/dev/figwheel/connect.cljs
notifying browser that file changed:  out/ta_crash/core.js
[32mSuccessfully compiled "resources/public/js/main.js" in 1.587 seconds.[0m
[0mCompiling "resources/public/js/main.js" from ["src"]...
Compiling src/ta_crash/carto_map.cljs
notifying browser that file changed:  resources/public/js/cljs_deps.js
notifying browser that file changed:  out/ta_crash/carto_map.js
[32mSuccessfully compiled "resources/public/js/main.js" in 1.222 seconds.[0m
[0mCompiling "resources/public/js/main.js" from ["src"]...
Compiling src/ta_crash/carto_map.cljs
WARNING: Protocol Object implemented multiple times at line 5 src/ta_crash/carto_map.cljs
notifying browser that file changed:  out/ta_crash/carto_map.js
[32mSuccessfully compiled "resources/public/js/main.js" in 0.553 seconds.[0m
[0mCompiling "resources/public/js/main.js" from ["src"]...
Compiling src/ta_crash/carto_map.cljs
WARNING: Protocol Object implemented multiple times at line 5 src/ta_crash/carto_map.cljs
notifying browser that file changed:  out/ta_crash/carto_map.js
[32mSuccessfully compiled "resources/public/js/main.js" in 1.432 seconds.[0m
[0mCompiling "resources/public/js/main.js" from ["src"]...
Compiling src/ta_crash/carto_map.cljs
notifying browser that file changed:  out/ta_crash/carto_map.js
[32mSuccessfully compiled "resources/public/js/main.js" in 0.18 seconds.[0m
[0mCompiling "resources/public/js/main.js" from ["src"]...
Compiling src/ta_crash/carto_map.cljs
notifying browser that file changed:  out/ta_crash/carto_map.js
[32mSuccessfully compiled "resources/public/js/main.js" in 0.173 seconds.[0m
[0mCompiling "resources/public/js/main.js" from ["src"]...
Compiling src/ta_crash/stat_group.cljs
Compiling src/ta_crash/core.cljs
Compiling target/figwheel_temp/dev/figwheel/connect.cljs
notifying browser that file changed:  resources/public/js/cljs_deps.js
notifying browser that file changed:  out/ta_crash/stat_group.js
[32mSuccessfully compiled "resources/public/js/main.js" in 0.291 seconds.[0m
[0mCompiling "resources/public/js/main.js" from ["src"]...
Compiling src/ta_crash/carto_map.cljs
WARNING: Wrong number of args (1) passed to om.next/react-ref at line 9 src/ta_crash/carto_map.cljs
Compiling src/ta_crash/stat_group.cljs
Compiling src/ta_crash/core.cljs
Compiling target/figwheel_temp/dev/figwheel/connect.cljs
notifying browser that file changed:  out/ta_crash/carto_map.js
[32mSuccessfully compiled "resources/public/js/main.js" in 1.032 seconds.[0m
[0mCompiling "resources/public/js/main.js" from ["src"]...
Compiling src/ta_crash/carto_map.cljs
Compiling src/ta_crash/stat_group.cljs
Compiling src/ta_crash/core.cljs
Compiling target/figwheel_temp/dev/figwheel/connect.cljs
notifying browser that file changed:  out/ta_crash/carto_map.js
[32mSuccessfully compiled "resources/public/js/main.js" in 0.221 seconds.[0m
[0mCompiling "resources/public/js/main.js" from ["src"]...
Compiling src/ta_crash/carto_map.cljs
Compiling src/ta_crash/stat_group.cljs
Compiling src/ta_crash/core.cljs
Compiling target/figwheel_temp/dev/figwheel/connect.cljs
notifying browser that file changed:  out/ta_crash/carto_map.js
[32mSuccessfully compiled "resources/public/js/main.js" in 1.186 seconds.[0m
[0mCompiling "resources/public/js/main.js" from ["src"]...
Compiling src/ta_crash/carto_map.cljs
Compiling src/ta_crash/stat_group.cljs
Compiling src/ta_crash/core.cljs
Compiling target/figwheel_temp/dev/figwheel/connect.cljs
notifying browser that file changed:  out/ta_crash/carto_map.js
[32mSuccessfully compiled "resources/public/js/main.js" in 2.903 seconds.[0m
[0mCompiling "resources/public/js/main.js" from ["src"]...
Compiling src/ta_crash/stat_group.cljs
Compiling src/ta_crash/core.cljs
Compiling target/figwheel_temp/dev/figwheel/connect.cljs
notifying browser that file changed:  resources/public/js/goog/deps.js
notifying browser that file changed:  resources/public/js/cljs_deps.js
notifying browser that file changed:  out/ta_crash/stat_group.js
[32mSuccessfully compiled "resources/public/js/main.js" in 1.599 seconds.[0m
[0mCompiling "resources/public/js/main.js" from ["src"]...
Compiling src/ta_crash/stat_group.cljs
Compiling src/ta_crash/core.cljs
Compiling target/figwheel_temp/dev/figwheel/connect.cljs
notifying browser that file changed:  out/ta_crash/stat_group.js
[32mSuccessfully compiled "resources/public/js/main.js" in 1.556 seconds.[0m
[0mCompiling "resources/public/js/main.js" from ["src"]...
Compiling src/ta_crash/stat_group.cljs
Compiling src/ta_crash/core.cljs
Compiling target/figwheel_temp/dev/figwheel/connect.cljs
notifying browser that file changed:  out/ta_crash/stat_group.js
[32mSuccessfully compiled "resources/public/js/main.js" in 0.348 seconds.[0m
[0mCompiling "resources/public/js/main.js" from ["src"]...
Compiling src/ta_crash/core.cljs
Compiling target/figwheel_temp/dev/figwheel/connect.cljs
notifying browser that file changed:  out/ta_crash/core.js
[32mSuccessfully compiled "resources/public/js/main.js" in 0.308 seconds.[0m
[0mCompiling "resources/public/js/main.js" from ["src"]...
Compiling /Users/akilharris/projects/om-next-crash/src/ta_crash/core.cljs
[31mCompiling "resources/public/js/main.js" failed.
[0mANALYSIS ERROR: No such namespace: cartodb-clj.client, could not locate cartodb_clj/client.cljs, cartodb_clj/client.cljc, or Closure namespace "cartodb-clj.client" on file null, line null, column null
[32mSuccessfully compiled "resources/public/js/main.js" in 0.571 seconds.[0m
[0mCompiling "resources/public/js/main.js" from ["src"]...
Compiling src/ta_crash/core.cljs
[31mCompiling "resources/public/js/main.js" failed.
[0mANALYSIS ERROR: No such namespace: cartodb.client, could not locate cartodb/client.cljs, cartodb/client.cljc, or Closure namespace "cartodb.client" on file null, line null, column null
[32mSuccessfully compiled "resources/public/js/main.js" in 0.64 seconds.[0m
[0mCompiling "resources/public/js/main.js" from ["src"]...
Compiling /Users/akilharris/projects/om-next-crash/src/ta_crash/core.cljs
[31mCompiling "resources/public/js/main.js" failed.
[0mANALYSIS ERROR: No such namespace: cartodb-clj.client, could not locate cartodb_clj/client.cljs, cartodb_clj/client.cljc, or Closure namespace "cartodb-clj.client" on file null, line null, column null
[32mSuccessfully compiled "resources/public/js/main.js" in 0.646 seconds.[0m
[0mCompiling "resources/public/js/main.js" from ["src"]...
Compiling src/ta_crash/core.cljs
Compiling target/figwheel_temp/dev/figwheel/connect.cljs
notifying browser that file changed:  resources/public/js/goog/deps.js
notifying browser that file changed:  resources/public/js/cljs_deps.js
notifying browser that file changed:  out/ta_crash/core.js
[32mSuccessfully compiled "resources/public/js/main.js" in 1.236 seconds.[0m
[0mCompiling "resources/public/js/main.js" from ["src"]...
Compiling src/ta_crash/core.cljs
Compiling target/figwheel_temp/dev/figwheel/connect.cljs
notifying browser that file changed:  resources/public/js/cljs_deps.js
notifying browser that file changed:  out/ta_crash/core.js
[32mSuccessfully compiled "resources/public/js/main.js" in 1.52 seconds.[0m
[0mCompiling "resources/public/js/main.js" from ["src"]...
Compiling src/ta_crash/carto_query.cljs
[31mCompiling "resources/public/js/main.js" failed.
[0mANALYSIS ERROR: The syntax for defmulti has changed. Example: (defmulti name dispatch-fn :default dispatch-value) at line 23 src/ta_crash/carto_query.cljs on file src/ta_crash/carto_query.cljs, line 23, column 1
[32mSuccessfully compiled "resources/public/js/main.js" in 1.263 seconds.[0m
[0mCompiling "resources/public/js/main.js" from ["src"]...
Compiling src/ta_crash/carto_query.cljs
[31mCompiling "resources/public/js/main.js" failed.
[0mANALYSIS ERROR: The syntax for defmulti has changed. Example: (defmulti name dispatch-fn :default dispatch-value) at line 23 src/ta_crash/carto_query.cljs on file src/ta_crash/carto_query.cljs, line 23, column 1
[32mSuccessfully compiled "resources/public/js/main.js" in 0.537 seconds.[0m
[0mCompiling "resources/public/js/main.js" from ["src"]...
Compiling src/ta_crash/carto_query.cljs
[31mCompiling "resources/public/js/main.js" failed.
[0mANALYSIS ERROR: Wrong number of args (1) passed to: analyzer/eval1559/fn--1560/pfn--1561 at line 7 src/ta_crash/carto_query.cljs on file src/ta_crash/carto_query.cljs, line 7, column 1
[32mSuccessfully compiled "resources/public/js/main.js" in 1.073 seconds.[0m
[0mCompiling "resources/public/js/main.js" from ["src"]...
Compiling src/ta_crash/carto_query.cljs
[31mCompiling "resources/public/js/main.js" failed.
[0mANALYSIS ERROR: The syntax for defmulti has changed. Example: (defmulti name dispatch-fn :default dispatch-value) at line 20 src/ta_crash/carto_query.cljs on file src/ta_crash/carto_query.cljs, line 20, column 1
[32mSuccessfully compiled "resources/public/js/main.js" in 0.243 seconds.[0m
[0mCompiling "resources/public/js/main.js" from ["src"]...
Compiling src/ta_crash/carto_query.cljs
[31mCompiling "resources/public/js/main.js" failed.
[0mANALYSIS ERROR: The syntax for defmulti has changed. Example: (defmulti name dispatch-fn :default dispatch-value) at line 20 src/ta_crash/carto_query.cljs on file src/ta_crash/carto_query.cljs, line 20, column 1
[32mSuccessfully compiled "resources/public/js/main.js" in 1.163 seconds.[0m
[0mCompiling "resources/public/js/main.js" from ["src"]...
Compiling /Users/akilharris/projects/om-next-crash/src/ta_crash/core.cljs
Compiling target/figwheel_temp/dev/figwheel/connect.cljs
Compiling src/ta_crash/carto_query.cljs
[31mCompiling "resources/public/js/main.js" failed.
[0mANALYSIS ERROR: The syntax for defmulti has changed. Example: (defmulti name dispatch-fn :default dispatch-value) at line 20 src/ta_crash/carto_query.cljs on file src/ta_crash/carto_query.cljs, line 20, column 1
[32mSuccessfully compiled "resources/public/js/main.js" in 0.979 seconds.[0m
[0mCompiling "resources/public/js/main.js" from ["src"]...
Compiling src/ta_crash/carto_query.cljs
[31mCompiling "resources/public/js/main.js" failed.
[0mANALYSIS ERROR: The syntax for defmulti has changed. Example: (defmulti name dispatch-fn :default dispatch-value) at line 20 src/ta_crash/carto_query.cljs on file src/ta_crash/carto_query.cljs, line 20, column 1
[32mSuccessfully compiled "resources/public/js/main.js" in 0.782 seconds.[0m
[0mCompiling "resources/public/js/main.js" from ["src"]...
Compiling src/ta_crash/carto_query.cljs
[31mCompiling "resources/public/js/main.js" failed.
[0mANALYSIS ERROR: The syntax for defmulti has changed. Example: (defmulti name dispatch-fn :default dispatch-value) at line 21 src/ta_crash/carto_query.cljs on file src/ta_crash/carto_query.cljs, line 21, column 1
[32mSuccessfully compiled "resources/public/js/main.js" in 1.09 seconds.[0m
[0mCompiling "resources/public/js/main.js" from ["src"]...
Compiling src/ta_crash/carto_query.cljs
Compiling src/ta_crash/core.cljs
Compiling target/figwheel_temp/dev/figwheel/connect.cljs
notifying browser that file changed:  resources/public/js/cljs_deps.js
notifying browser that file changed:  out/ta_crash/carto_query.js
[32mSuccessfully compiled "resources/public/js/main.js" in 1.422 seconds.[0m
[0mCompiling "resources/public/js/main.js" from ["src"]...
Compiling src/ta_crash/carto_query.cljs
Compiling src/ta_crash/core.cljs
Compiling target/figwheel_temp/dev/figwheel/connect.cljs
notifying browser that file changed:  out/ta_crash/carto_query.js
[32mSuccessfully compiled "resources/public/js/main.js" in 0.817 seconds.[0m
[0mCompiling "resources/public/js/main.js" from ["src"]...
Compiling src/ta_crash/core.cljs
WARNING: Use of undeclared Var ta-crash.carto-query/simple-select at line 11 src/ta_crash/core.cljs
Compiling target/figwheel_temp/dev/figwheel/connect.cljs
notifying browser that file changed:  resources/public/js/goog/deps.js
notifying browser that file changed:  resources/public/js/cljs_deps.js
notifying browser that file changed:  out/ta_crash/core.js
[32mSuccessfully compiled "resources/public/js/main.js" in 1.55 seconds.[0m
[0mCompiling "resources/public/js/main.js" from ["src"]...
Compiling src/ta_crash/core.cljs
Compiling target/figwheel_temp/dev/figwheel/connect.cljs
notifying browser that file changed:  out/ta_crash/core.js
[32mSuccessfully compiled "resources/public/js/main.js" in 1.408 seconds.[0m
[0mCompiling "resources/public/js/main.js" from ["src"]...
Compiling src/ta_crash/carto_query.cljs
Compiling src/ta_crash/core.cljs
Compiling target/figwheel_temp/dev/figwheel/connect.cljs
notifying browser that file changed:  out/ta_crash/carto_query.js
[32mSuccessfully compiled "resources/public/js/main.js" in 1.308 seconds.[0m
[0mCompiling "resources/public/js/main.js" from ["src"]...
Compiling src/ta_crash/carto_query.cljs
Compiling src/ta_crash/core.cljs
Compiling target/figwheel_temp/dev/figwheel/connect.cljs
notifying browser that file changed:  out/ta_crash/carto_query.js
[32mSuccessfully compiled "resources/public/js/main.js" in 1.213 seconds.[0m
[0mCompiling "resources/public/js/main.js" from ["src"]...
Compiling src/ta_crash/carto_query.cljs
Compiling src/ta_crash/core.cljs
Compiling target/figwheel_temp/dev/figwheel/connect.cljs
notifying browser that file changed:  out/ta_crash/carto_query.js
[32mSuccessfully compiled "resources/public/js/main.js" in 1.653 seconds.[0m
[0mCompiling "resources/public/js/main.js" from ["src"]...
Compiling src/ta_crash/core.cljs
Compiling target/figwheel_temp/dev/figwheel/connect.cljs
notifying browser that file changed:  out/ta_crash/core.js
[32mSuccessfully compiled "resources/public/js/main.js" in 1.844 seconds.[0m
[0mCompiling "resources/public/js/main.js" from ["src"]...
Compiling src/ta_crash/area-menu.cljs
notifying browser that file changed:  resources/public/js/cljs_deps.js
notifying browser that file changed:  out/ta_crash/area_menu.js
[32mSuccessfully compiled "resources/public/js/main.js" in 2.382 seconds.[0m
[0mCompiling "resources/public/js/main.js" from ["src"]...
Compiling src/ta_crash/carto_query.cljs
Compiling src/ta_crash/core.cljs
Compiling target/figwheel_temp/dev/figwheel/connect.cljs
notifying browser that file changed:  out/ta_crash/carto_query.js
[32mSuccessfully compiled "resources/public/js/main.js" in 1.44 seconds.[0m
[0mCompiling "resources/public/js/main.js" from ["src"]...
Compiling src/ta_crash/area-menu.cljs
notifying browser that file changed:  out/ta_crash/area_menu.js
[32mSuccessfully compiled "resources/public/js/main.js" in 2.096 seconds.[0m
[0mCompiling "resources/public/js/main.js" from ["src"]...
Compiling /Users/akilharris/projects/om-next-crash/src/ta_crash/core.cljs
Compiling target/figwheel_temp/dev/figwheel/connect.cljs
notifying browser that file changed:  resources/public/js/cljs_deps.js
notifying browser that file changed:  out/ta_crash/core.js
[32mSuccessfully compiled "resources/public/js/main.js" in 1.482 seconds.[0m
[0mCompiling "resources/public/js/main.js" from ["src"]...
Compiling src/ta_crash/area-menu.cljs
Compiling /Users/akilharris/projects/om-next-crash/src/ta_crash/core.cljs
Compiling target/figwheel_temp/dev/figwheel/connect.cljs
notifying browser that file changed:  out/ta_crash/area_menu.js
[32mSuccessfully compiled "resources/public/js/main.js" in 1.809 seconds.[0m
[0mCompiling "resources/public/js/main.js" from ["src"]...
Compiling src/ta_crash/area-menu.cljs
Compiling /Users/akilharris/projects/om-next-crash/src/ta_crash/core.cljs
Compiling target/figwheel_temp/dev/figwheel/connect.cljs
notifying browser that file changed:  out/ta_crash/area_menu.js
[32mSuccessfully compiled "resources/public/js/main.js" in 1.112 seconds.[0m
[0mCompiling "resources/public/js/main.js" from ["src"]...
Compiling src/ta_crash/area-menu.cljs
[31mCompiling "resources/public/js/main.js" failed.
[0mANALYSIS ERROR: Too many arguments to def at line 14 src/ta_crash/area-menu.cljs on file src/ta_crash/area-menu.cljs, line 14, column 1
[32mSuccessfully compiled "resources/public/js/main.js" in 0.801 seconds.[0m
[0mCompiling "resources/public/js/main.js" from ["src"]...
Compiling src/ta_crash/area-menu.cljs
Compiling /Users/akilharris/projects/om-next-crash/src/ta_crash/core.cljs
Compiling target/figwheel_temp/dev/figwheel/connect.cljs
notifying browser that file changed:  out/ta_crash/area_menu.js
[32mSuccessfully compiled "resources/public/js/main.js" in 1.418 seconds.[0m
[0mCompiling "resources/public/js/main.js" from ["src"]...
Compiling src/ta_crash/area-menu.cljs
Compiling /Users/akilharris/projects/om-next-crash/src/ta_crash/core.cljs
Compiling target/figwheel_temp/dev/figwheel/connect.cljs
notifying browser that file changed:  out/ta_crash/area_menu.js
[32mSuccessfully compiled "resources/public/js/main.js" in 1.239 seconds.[0m
[0mCompiling "resources/public/js/main.js" from ["src"]...
Compiling /Users/akilharris/projects/om-next-crash/src/ta_crash/core.cljs
Compiling target/figwheel_temp/dev/figwheel/connect.cljs
notifying browser that file changed:  out/ta_crash/core.js
[32mSuccessfully compiled "resources/public/js/main.js" in 2.019 seconds.[0m
[0mCompiling "resources/public/js/main.js" from ["src"]...
Compiling src/ta_crash/area-menu.cljs
Compiling /Users/akilharris/projects/om-next-crash/src/ta_crash/core.cljs
Compiling target/figwheel_temp/dev/figwheel/connect.cljs
notifying browser that file changed:  out/ta_crash/area_menu.js
[32mSuccessfully compiled "resources/public/js/main.js" in 1.259 seconds.[0m
[0mCompiling "resources/public/js/main.js" from ["src"]...
Compiling src/ta_crash/area-menu.cljs
Compiling /Users/akilharris/projects/om-next-crash/src/ta_crash/core.cljs
Compiling target/figwheel_temp/dev/figwheel/connect.cljs
notifying browser that file changed:  out/ta_crash/area_menu.js
[32mSuccessfully compiled "resources/public/js/main.js" in 1.455 seconds.[0m
[0mCompiling "resources/public/js/main.js" from ["src"]...
Compiling src/ta_crash/area-menu.cljs
Compiling /Users/akilharris/projects/om-next-crash/src/ta_crash/core.cljs
Compiling target/figwheel_temp/dev/figwheel/connect.cljs
notifying browser that file changed:  out/ta_crash/area_menu.js
[32mSuccessfully compiled "resources/public/js/main.js" in 1.013 seconds.[0m
[0mCompiling "resources/public/js/main.js" from ["src"]...
Compiling src/ta_crash/area-menu.cljs
Compiling /Users/akilharris/projects/om-next-crash/src/ta_crash/core.cljs
Compiling target/figwheel_temp/dev/figwheel/connect.cljs
notifying browser that file changed:  out/ta_crash/area_menu.js
[32mSuccessfully compiled "resources/public/js/main.js" in 1.403 seconds.[0m
[0mCompiling "resources/public/js/main.js" from ["src"]...
Compiling src/ta_crash/area-menu.cljs
Compiling /Users/akilharris/projects/om-next-crash/src/ta_crash/core.cljs
Compiling target/figwheel_temp/dev/figwheel/connect.cljs
notifying browser that file changed:  out/ta_crash/area_menu.js
[32mSuccessfully compiled "resources/public/js/main.js" in 1.521 seconds.[0m
[0mCompiling "resources/public/js/main.js" from ["src"]...
Compiling /Users/akilharris/projects/om-next-crash/src/ta_crash/core.cljs
Compiling target/figwheel_temp/dev/figwheel/connect.cljs
notifying browser that file changed:  out/ta_crash/core.js
[32mSuccessfully compiled "resources/public/js/main.js" in 0.618 seconds.[0m
[0mCompiling "resources/public/js/main.js" from ["src"]...
Compiling /Users/akilharris/projects/om-next-crash/src/ta_crash/core.cljs
Compiling target/figwheel_temp/dev/figwheel/connect.cljs
notifying browser that file changed:  out/ta_crash/core.js
[32mSuccessfully compiled "resources/public/js/main.js" in 1.618 seconds.[0m
[0mCompiling "resources/public/js/main.js" from ["src"]...
Compiling src/ta_crash/area-menu.cljs
WARNING: Use of undeclared Var ta-crash.area-menu/area-menu at line 19 src/ta_crash/area-menu.cljs
Compiling /Users/akilharris/projects/om-next-crash/src/ta_crash/core.cljs
Compiling target/figwheel_temp/dev/figwheel/connect.cljs
notifying browser that file changed:  out/ta_crash/area_menu.js
[32mSuccessfully compiled "resources/public/js/main.js" in 1.776 seconds.[0m
[0mCompiling "resources/public/js/main.js" from ["src"]...
Compiling src/ta_crash/area-menu.cljs
WARNING: menu-item at line 14 is being replaced at line 25 src/ta_crash/area-menu.cljs
Compiling /Users/akilharris/projects/om-next-crash/src/ta_crash/core.cljs
Compiling target/figwheel_temp/dev/figwheel/connect.cljs
notifying browser that file changed:  out/ta_crash/area_menu.js
[32mSuccessfully compiled "resources/public/js/main.js" in 0.66 seconds.[0m
[0mCompiling "resources/public/js/main.js" from ["src"]...
Compiling src/ta_crash/area-menu.cljs
Compiling /Users/akilharris/projects/om-next-crash/src/ta_crash/core.cljs
Compiling target/figwheel_temp/dev/figwheel/connect.cljs
notifying browser that file changed:  out/ta_crash/area_menu.js
[32mSuccessfully compiled "resources/public/js/main.js" in 0.242 seconds.[0m
[0mCompiling "resources/public/js/main.js" from ["src"]...
Compiling /Users/akilharris/projects/om-next-crash/src/ta_crash/core.cljs
Compiling target/figwheel_temp/dev/figwheel/connect.cljs
notifying browser that file changed:  out/ta_crash/core.js
[32mSuccessfully compiled "resources/public/js/main.js" in 0.412 seconds.[0m
[0mCompiling "resources/public/js/main.js" from ["src"]...
Compiling src/ta_crash/area-menu.cljs
Compiling /Users/akilharris/projects/om-next-crash/src/ta_crash/core.cljs
Compiling target/figwheel_temp/dev/figwheel/connect.cljs
notifying browser that file changed:  out/ta_crash/area_menu.js
[32mSuccessfully compiled "resources/public/js/main.js" in 0.269 seconds.[0m
[0mCompiling "resources/public/js/main.js" from ["src"]...
Compiling /Users/akilharris/projects/om-next-crash/src/ta_crash/core.cljs
Compiling target/figwheel_temp/dev/figwheel/connect.cljs
notifying browser that file changed:  out/ta_crash/core.js
[32mSuccessfully compiled "resources/public/js/main.js" in 0.671 seconds.[0m
[0mCompiling "resources/public/js/main.js" from ["src"]...
Compiling /Users/akilharris/projects/om-next-crash/src/ta_crash/core.cljs
Compiling target/figwheel_temp/dev/figwheel/connect.cljs
notifying browser that file changed:  out/ta_crash/core.js
[32mSuccessfully compiled "resources/public/js/main.js" in 0.197 seconds.[0m
[0mCompiling "resources/public/js/main.js" from ["src"]...
Compiling src/ta_crash/area-menu.cljs
Compiling /Users/akilharris/projects/om-next-crash/src/ta_crash/core.cljs
Compiling target/figwheel_temp/dev/figwheel/connect.cljs
notifying browser that file changed:  out/ta_crash/area_menu.js
[32mSuccessfully compiled "resources/public/js/main.js" in 1.513 seconds.[0m
[0mCompiling "resources/public/js/main.js" from ["src"]...
Compiling src/ta_crash/area-menu.cljs
Compiling /Users/akilharris/projects/om-next-crash/src/ta_crash/core.cljs
Compiling target/figwheel_temp/dev/figwheel/connect.cljs
notifying browser that file changed:  out/ta_crash/area_menu.js
[32mSuccessfully compiled "resources/public/js/main.js" in 0.25 seconds.[0m
[0mCompiling "resources/public/js/main.js" from ["src"]...
Compiling src/ta_crash/area-menu.cljs
Compiling /Users/akilharris/projects/om-next-crash/src/ta_crash/core.cljs
Compiling target/figwheel_temp/dev/figwheel/connect.cljs
notifying browser that file changed:  out/ta_crash/area_menu.js
[32mSuccessfully compiled "resources/public/js/main.js" in 0.219 seconds.[0m
[0mCompiling "resources/public/js/main.js" from ["src"]...
Compiling src/ta_crash/area-menu.cljs
Compiling /Users/akilharris/projects/om-next-crash/src/ta_crash/core.cljs
Compiling target/figwheel_temp/dev/figwheel/connect.cljs
notifying browser that file changed:  out/ta_crash/area_menu.js
[32mSuccessfully compiled "resources/public/js/main.js" in 0.431 seconds.[0m
[0mCompiling "resources/public/js/main.js" from ["src"]...
Compiling /Users/akilharris/projects/om-next-crash/src/ta_crash/core.cljs
Compiling target/figwheel_temp/dev/figwheel/connect.cljs
notifying browser that file changed:  out/ta_crash/core.js
[32mSuccessfully compiled "resources/public/js/main.js" in 0.17 seconds.[0m
[0mCompiling "resources/public/js/main.js" from ["src"]...
Compiling /Users/akilharris/projects/om-next-crash/src/ta_crash/core.cljs
Compiling target/figwheel_temp/dev/figwheel/connect.cljs
notifying browser that file changed:  out/ta_crash/core.js
[32mSuccessfully compiled "resources/public/js/main.js" in 0.166 seconds.[0m
[0mCompiling "resources/public/js/main.js" from ["src"]...
Compiling src/ta_crash/area-menu.cljs
Compiling /Users/akilharris/projects/om-next-crash/src/ta_crash/core.cljs
Compiling target/figwheel_temp/dev/figwheel/connect.cljs
notifying browser that file changed:  out/ta_crash/area_menu.js
[32mSuccessfully compiled "resources/public/js/main.js" in 1.149 seconds.[0m
[0mCompiling "resources/public/js/main.js" from ["src"]...
Compiling src/ta_crash/area-menu.cljs
Compiling /Users/akilharris/projects/om-next-crash/src/ta_crash/core.cljs
Compiling target/figwheel_temp/dev/figwheel/connect.cljs
notifying browser that file changed:  out/ta_crash/area_menu.js
[32mSuccessfully compiled "resources/public/js/main.js" in 0.305 seconds.[0m
[0mCompiling "resources/public/js/main.js" from ["src"]...
Compiling src/ta_crash/area-menu.cljs
Compiling /Users/akilharris/projects/om-next-crash/src/ta_crash/core.cljs
Compiling target/figwheel_temp/dev/figwheel/connect.cljs
notifying browser that file changed:  out/ta_crash/area_menu.js
[32mSuccessfully compiled "resources/public/js/main.js" in 1.095 seconds.[0m
[0mCompiling "resources/public/js/main.js" from ["src"]...
Compiling /Users/akilharris/projects/om-next-crash/src/ta_crash/core.cljs
Compiling target/figwheel_temp/dev/figwheel/connect.cljs
notifying browser that file changed:  out/ta_crash/core.js
[32mSuccessfully compiled "resources/public/js/main.js" in 2.761 seconds.[0m
[0mCompiling "resources/public/js/main.js" from ["src"]...
Compiling src/ta_crash/area-menu.cljs
Compiling /Users/akilharris/projects/om-next-crash/src/ta_crash/core.cljs
Compiling target/figwheel_temp/dev/figwheel/connect.cljs
notifying browser that file changed:  out/ta_crash/area_menu.js
[32mSuccessfully compiled "resources/public/js/main.js" in 0.277 seconds.[0m
[0mCompiling "resources/public/js/main.js" from ["src"]...
Compiling /Users/akilharris/projects/om-next-crash/src/ta_crash/core.cljs
Compiling target/figwheel_temp/dev/figwheel/connect.cljs
notifying browser that file changed:  out/ta_crash/core.js
[32mSuccessfully compiled "resources/public/js/main.js" in 0.736 seconds.[0m
[0mCompiling "resources/public/js/main.js" from ["src"]...
Compiling /Users/akilharris/projects/om-next-crash/src/ta_crash/core.cljs
Compiling target/figwheel_temp/dev/figwheel/connect.cljs
notifying browser that file changed:  out/ta_crash/core.js
[32mSuccessfully compiled "resources/public/js/main.js" in 0.583 seconds.[0m
[0mCompiling "resources/public/js/main.js" from ["src"]...
Compiling src/ta_crash/area-menu.cljs
Compiling /Users/akilharris/projects/om-next-crash/src/ta_crash/core.cljs
Compiling target/figwheel_temp/dev/figwheel/connect.cljs
notifying browser that file changed:  out/ta_crash/area_menu.js
[32mSuccessfully compiled "resources/public/js/main.js" in 0.845 seconds.[0m
[0mCompiling "resources/public/js/main.js" from ["src"]...
Compiling src/ta_crash/area-menu.cljs
Compiling /Users/akilharris/projects/om-next-crash/src/ta_crash/core.cljs
Compiling target/figwheel_temp/dev/figwheel/connect.cljs
notifying browser that file changed:  out/ta_crash/area_menu.js
[32mSuccessfully compiled "resources/public/js/main.js" in 1.12 seconds.[0m
[0mCompiling "resources/public/js/main.js" from ["src"]...
Compiling src/ta_crash/area-menu.cljs
Compiling /Users/akilharris/projects/om-next-crash/src/ta_crash/core.cljs
Compiling target/figwheel_temp/dev/figwheel/connect.cljs
notifying browser that file changed:  out/ta_crash/area_menu.js
[32mSuccessfully compiled "resources/public/js/main.js" in 0.997 seconds.[0m
[0mCompiling "resources/public/js/main.js" from ["src"]...
Compiling src/ta_crash/area-menu.cljs
[31mCompiling "resources/public/js/main.js" failed.
[0mANALYSIS ERROR: if-let requires exactly 2 forms in binding vector in ta-crash.area-menu:25 at line 25 src/ta_crash/area-menu.cljs on file src/ta_crash/area-menu.cljs, line 25, column 5
[32mSuccessfully compiled "resources/public/js/main.js" in 0.521 seconds.[0m
[0mCompiling "resources/public/js/main.js" from ["src"]...
Compiling src/ta_crash/area-menu.cljs
Compiling /Users/akilharris/projects/om-next-crash/src/ta_crash/core.cljs
Compiling target/figwheel_temp/dev/figwheel/connect.cljs
notifying browser that file changed:  out/ta_crash/area_menu.js
[32mSuccessfully compiled "resources/public/js/main.js" in 1.136 seconds.[0m
[0mCompiling "resources/public/js/main.js" from ["src"]...
Compiling /Users/akilharris/projects/om-next-crash/src/ta_crash/core.cljs
Compiling target/figwheel_temp/dev/figwheel/connect.cljs
notifying browser that file changed:  out/ta_crash/core.js
[32mSuccessfully compiled "resources/public/js/main.js" in 1.424 seconds.[0m
[0mCompiling "resources/public/js/main.js" from ["src"]...
Compiling /Users/akilharris/projects/om-next-crash/src/ta_crash/core.cljs
Compiling target/figwheel_temp/dev/figwheel/connect.cljs
notifying browser that file changed:  out/ta_crash/core.js
[32mSuccessfully compiled "resources/public/js/main.js" in 0.475 seconds.[0m
[0mCompiling "resources/public/js/main.js" from ["src"]...
Compiling /Users/akilharris/projects/om-next-crash/src/ta_crash/core.cljs
Compiling target/figwheel_temp/dev/figwheel/connect.cljs
notifying browser that file changed:  out/ta_crash/core.js
[32mSuccessfully compiled "resources/public/js/main.js" in 0.616 seconds.[0m
[0mCompiling "resources/public/js/main.js" from ["src"]...
Compiling /Users/akilharris/projects/om-next-crash/src/ta_crash/core.cljs
Compiling target/figwheel_temp/dev/figwheel/connect.cljs
notifying browser that file changed:  out/ta_crash/core.js
[32mSuccessfully compiled "resources/public/js/main.js" in 0.623 seconds.[0m
[0mCompiling "resources/public/js/main.js" from ["src"]...
Compiling src/ta_crash/area-menu.cljs
Compiling /Users/akilharris/projects/om-next-crash/src/ta_crash/core.cljs
Compiling target/figwheel_temp/dev/figwheel/connect.cljs
notifying browser that file changed:  out/ta_crash/area_menu.js
[32mSuccessfully compiled "resources/public/js/main.js" in 0.963 seconds.[0m
[0mCompiling "resources/public/js/main.js" from ["src"]...
Compiling src/ta_crash/area-menu.cljs
Compiling /Users/akilharris/projects/om-next-crash/src/ta_crash/core.cljs
Compiling target/figwheel_temp/dev/figwheel/connect.cljs
notifying browser that file changed:  out/ta_crash/area_menu.js
[32mSuccessfully compiled "resources/public/js/main.js" in 0.65 seconds.[0m
[0mCompiling "resources/public/js/main.js" from ["src"]...
Compiling src/ta_crash/area-menu.cljs
Compiling /Users/akilharris/projects/om-next-crash/src/ta_crash/core.cljs
Compiling target/figwheel_temp/dev/figwheel/connect.cljs
notifying browser that file changed:  out/ta_crash/area_menu.js
[32mSuccessfully compiled "resources/public/js/main.js" in 0.219 seconds.[0m
[0mCompiling "resources/public/js/main.js" from ["src"]...
Compiling /Users/akilharris/projects/om-next-crash/src/ta_crash/core.cljs
Compiling target/figwheel_temp/dev/figwheel/connect.cljs
notifying browser that file changed:  out/ta_crash/core.js
[32mSuccessfully compiled "resources/public/js/main.js" in 0.22 seconds.[0m
[0mCompiling "resources/public/js/main.js" from ["src"]...
Compiling /Users/akilharris/projects/om-next-crash/src/ta_crash/core.cljs
WARNING: Use of undeclared Var ta-crash.core/st at line 123 /Users/akilharris/projects/om-next-crash/src/ta_crash/core.cljs
WARNING: Use of undeclared Var ta-crash.core/st at line 123 /Users/akilharris/projects/om-next-crash/src/ta_crash/core.cljs
[31mCompiling "resources/public/js/main.js" failed.
[0mERROR: Unmatched delimiter ) on file /Users/akilharris/projects/om-next-crash/src/ta_crash/core.cljs, line 123, column 57
[32mSuccessfully compiled "resources/public/js/main.js" in 0.268 seconds.[0m
[0mCompiling "resources/public/js/main.js" from ["src"]...
Compiling /Users/akilharris/projects/om-next-crash/src/ta_crash/core.cljs
WARNING: Use of undeclared Var ta-crash.core/st at line 123 /Users/akilharris/projects/om-next-crash/src/ta_crash/core.cljs
WARNING: Use of undeclared Var ta-crash.core/st at line 123 /Users/akilharris/projects/om-next-crash/src/ta_crash/core.cljs
WARNING: Use of undeclared Var ta-crash.core/k at line 123 /Users/akilharris/projects/om-next-crash/src/ta_crash/core.cljs
[31mCompiling "resources/public/js/main.js" failed.
[0mERROR: Unmatched delimiter ) on file /Users/akilharris/projects/om-next-crash/src/ta_crash/core.cljs, line 123, column 56
[32mSuccessfully compiled "resources/public/js/main.js" in 0.18 seconds.[0m
[0mCompiling "resources/public/js/main.js" from ["src"]...
Compiling /Users/akilharris/projects/om-next-crash/src/ta_crash/core.cljs
Compiling target/figwheel_temp/dev/figwheel/connect.cljs
notifying browser that file changed:  out/ta_crash/core.js
[32mSuccessfully compiled "resources/public/js/main.js" in 0.673 seconds.[0m
[0mCompiling "resources/public/js/main.js" from ["src"]...
Compiling /Users/akilharris/projects/om-next-crash/src/ta_crash/core.cljs
Compiling target/figwheel_temp/dev/figwheel/connect.cljs
notifying browser that file changed:  out/ta_crash/core.js
[32mSuccessfully compiled "resources/public/js/main.js" in 1.348 seconds.[0m
[0mCompiling "resources/public/js/main.js" from ["src"]...
Compiling /Users/akilharris/projects/om-next-crash/src/ta_crash/core.cljs
Compiling target/figwheel_temp/dev/figwheel/connect.cljs
notifying browser that file changed:  out/ta_crash/core.js
[32mSuccessfully compiled "resources/public/js/main.js" in 1.583 seconds.[0m
[0mCompiling "resources/public/js/main.js" from ["src"]...
Compiling src/ta_crash/area-menu.cljs
Compiling /Users/akilharris/projects/om-next-crash/src/ta_crash/core.cljs
Compiling target/figwheel_temp/dev/figwheel/connect.cljs
notifying browser that file changed:  out/ta_crash/area_menu.js
[32mSuccessfully compiled "resources/public/js/main.js" in 0.799 seconds.[0m
[0mCompiling "resources/public/js/main.js" from ["src"]...
Compiling src/ta_crash/area-menu.cljs
Compiling /Users/akilharris/projects/om-next-crash/src/ta_crash/core.cljs
Compiling target/figwheel_temp/dev/figwheel/connect.cljs
notifying browser that file changed:  out/ta_crash/area_menu.js
[32mSuccessfully compiled "resources/public/js/main.js" in 1.418 seconds.[0m
[0mCompiling "resources/public/js/main.js" from ["src"]...
Compiling src/ta_crash/area-menu.cljs
Compiling /Users/akilharris/projects/om-next-crash/src/ta_crash/core.cljs
Compiling target/figwheel_temp/dev/figwheel/connect.cljs
notifying browser that file changed:  out/ta_crash/area_menu.js
[32mSuccessfully compiled "resources/public/js/main.js" in 1.049 seconds.[0m
[0mCompiling "resources/public/js/main.js" from ["src"]...
Compiling /Users/akilharris/projects/om-next-crash/src/ta_crash/core.cljs
Compiling target/figwheel_temp/dev/figwheel/connect.cljs
notifying browser that file changed:  out/ta_crash/core.js
[32mSuccessfully compiled "resources/public/js/main.js" in 0.945 seconds.[0m
[0mCompiling "resources/public/js/main.js" from ["src"]...
Compiling /Users/akilharris/projects/om-next-crash/src/ta_crash/core.cljs
WARNING: No such namespace: string, could not locate string.cljs, string.cljc, or Closure namespace "" at line 130 /Users/akilharris/projects/om-next-crash/src/ta_crash/core.cljs
WARNING: Use of undeclared Var string/blank? at line 130 /Users/akilharris/projects/om-next-crash/src/ta_crash/core.cljs
Compiling target/figwheel_temp/dev/figwheel/connect.cljs
notifying browser that file changed:  out/ta_crash/core.js
[32mSuccessfully compiled "resources/public/js/main.js" in 1.237 seconds.[0m
[0mCompiling "resources/public/js/main.js" from ["src"]...
Compiling src/ta_crash/core.cljs
Compiling target/figwheel_temp/dev/figwheel/connect.cljs
notifying browser that file changed:  resources/public/js/cljs_deps.js
notifying browser that file changed:  out/ta_crash/core.js
[32mSuccessfully compiled "resources/public/js/main.js" in 0.907 seconds.[0m
[0mCompiling "resources/public/js/main.js" from ["src"]...
Compiling src/ta_crash/core.cljs
[31mCompiling "resources/public/js/main.js" failed.
[0mERROR: EOF while reading, starting at line 147 and column 1 on file /Users/akilharris/projects/om-next-crash/src/ta_crash/core.cljs, line 176, column 1
[32mSuccessfully compiled "resources/public/js/main.js" in 1.655 seconds.[0m
[0mCompiling "resources/public/js/main.js" from ["src"]...
Compiling src/ta_crash/core.cljs
[31mCompiling "resources/public/js/main.js" failed.
[0mERROR: EOF while reading, starting at line 148 and column 1 on file /Users/akilharris/projects/om-next-crash/src/ta_crash/core.cljs, line 177, column 1
[32mSuccessfully compiled "resources/public/js/main.js" in 1.262 seconds.[0m
[0mCompiling "resources/public/js/main.js" from ["src"]...
Compiling src/ta_crash/core.cljs
Compiling target/figwheel_temp/dev/figwheel/connect.cljs
notifying browser that file changed:  resources/public/js/cljs_deps.js
notifying browser that file changed:  out/ta_crash/core.js
[32mSuccessfully compiled "resources/public/js/main.js" in 2.269 seconds.[0m
[0mCompiling "resources/public/js/main.js" from ["src"]...
Compiling src/ta_crash/core.cljs
Compiling target/figwheel_temp/dev/figwheel/connect.cljs
notifying browser that file changed:  out/ta_crash/core.js
[32mSuccessfully compiled "resources/public/js/main.js" in 1.387 seconds.[0m
[0mCompiling "resources/public/js/main.js" from ["src"]...
Compiling src/ta_crash/core.cljs
Compiling target/figwheel_temp/dev/figwheel/connect.cljs
notifying browser that file changed:  out/ta_crash/core.js
[32mSuccessfully compiled "resources/public/js/main.js" in 1.751 seconds.[0m
[0mCompiling "resources/public/js/main.js" from ["src"]...
Compiling src/ta_crash/core.cljs
Compiling target/figwheel_temp/dev/figwheel/connect.cljs
notifying browser that file changed:  out/ta_crash/core.js
[32mSuccessfully compiled "resources/public/js/main.js" in 1.714 seconds.[0m
[0mCompiling "resources/public/js/main.js" from ["src"]...
Compiling src/ta_crash/core.cljs
Compiling target/figwheel_temp/dev/figwheel/connect.cljs
notifying browser that file changed:  out/ta_crash/core.js
[32mSuccessfully compiled "resources/public/js/main.js" in 0.657 seconds.[0m
[0mCompiling "resources/public/js/main.js" from ["src"]...
Compiling src/ta_crash/core.cljs
Compiling target/figwheel_temp/dev/figwheel/connect.cljs
notifying browser that file changed:  out/ta_crash/core.js
[32mSuccessfully compiled "resources/public/js/main.js" in 0.684 seconds.[0m
[0mCompiling "resources/public/js/main.js" from ["src"]...
Compiling src/ta_crash/core.cljs
Compiling target/figwheel_temp/dev/figwheel/connect.cljs
notifying browser that file changed:  out/ta_crash/core.js
[32mSuccessfully compiled "resources/public/js/main.js" in 0.986 seconds.[0m
[0mCompiling "resources/public/js/main.js" from ["src"]...
Compiling src/ta_crash/core.cljs
Compiling target/figwheel_temp/dev/figwheel/connect.cljs
notifying browser that file changed:  out/ta_crash/core.js
[32mSuccessfully compiled "resources/public/js/main.js" in 1.224 seconds.[0m
[0mCompiling "resources/public/js/main.js" from ["src"]...
Compiling src/ta_crash/core.cljs
Compiling target/figwheel_temp/dev/figwheel/connect.cljs
notifying browser that file changed:  out/ta_crash/core.js
[32mSuccessfully compiled "resources/public/js/main.js" in 1.021 seconds.[0m
[0mCompiling "resources/public/js/main.js" from ["src"]...
Compiling src/ta_crash/core.cljs
Compiling target/figwheel_temp/dev/figwheel/connect.cljs
notifying browser that file changed:  out/ta_crash/core.js
[32mSuccessfully compiled "resources/public/js/main.js" in 1.164 seconds.[0m
[0mCompiling "resources/public/js/main.js" from ["src"]...
Compiling src/ta_crash/core.cljs
Compiling target/figwheel_temp/dev/figwheel/connect.cljs
notifying browser that file changed:  out/ta_crash/core.js
[32mSuccessfully compiled "resources/public/js/main.js" in 1.324 seconds.[0m
[0mCompiling "resources/public/js/main.js" from ["src"]...
Compiling src/ta_crash/core.cljs
Compiling target/figwheel_temp/dev/figwheel/connect.cljs
notifying browser that file changed:  out/ta_crash/core.js
[32mSuccessfully compiled "resources/public/js/main.js" in 1.682 seconds.[0m
[0mCompiling "resources/public/js/main.js" from ["src"]...
Compiling src/ta_crash/area-menu.cljs
WARNING: No such namespace: area, could not locate area.cljs, area.cljc, or Closure namespace "" at line 26 src/ta_crash/area-menu.cljs
WARNING: Use of undeclared Var area/items at line 26 src/ta_crash/area-menu.cljs
Compiling src/ta_crash/core.cljs
Compiling target/figwheel_temp/dev/figwheel/connect.cljs
notifying browser that file changed:  out/ta_crash/area_menu.js
[32mSuccessfully compiled "resources/public/js/main.js" in 1.202 seconds.[0m
[0mCompiling "resources/public/js/main.js" from ["src"]...
Compiling src/ta_crash/area-menu.cljs
Compiling src/ta_crash/core.cljs
Compiling target/figwheel_temp/dev/figwheel/connect.cljs
notifying browser that file changed:  out/ta_crash/area_menu.js
[32mSuccessfully compiled "resources/public/js/main.js" in 0.536 seconds.[0m
[0mCompiling "resources/public/js/main.js" from ["src"]...
Compiling src/ta_crash/area-menu.cljs
Compiling src/ta_crash/core.cljs
Compiling target/figwheel_temp/dev/figwheel/connect.cljs
notifying browser that file changed:  out/ta_crash/area_menu.js
[32mSuccessfully compiled "resources/public/js/main.js" in 0.296 seconds.[0m
[0mCompiling "resources/public/js/main.js" from ["src"]...
Compiling src/ta_crash/area-menu.cljs
Compiling src/ta_crash/core.cljs
Compiling target/figwheel_temp/dev/figwheel/connect.cljs
notifying browser that file changed:  out/ta_crash/area_menu.js
[32mSuccessfully compiled "resources/public/js/main.js" in 1.456 seconds.[0m
[0mCompiling "resources/public/js/main.js" from ["src"]...
Compiling src/ta_crash/area-menu.cljs
Compiling src/ta_crash/core.cljs
Compiling target/figwheel_temp/dev/figwheel/connect.cljs
notifying browser that file changed:  out/ta_crash/area_menu.js
[32mSuccessfully compiled "resources/public/js/main.js" in 2.094 seconds.[0m
[0mCompiling "resources/public/js/main.js" from ["src"]...
Compiling src/ta_crash/area-menu.cljs
WARNING: Use of undeclared Var ta-crash.area-menu/items at line 25 src/ta_crash/area-menu.cljs
WARNING: Use of undeclared Var ta-crash.area-menu/sub-items at line 25 src/ta_crash/area-menu.cljs
WARNING: Use of undeclared Var ta-crash.area-menu/sub-items at line 26 src/ta_crash/area-menu.cljs
Compiling src/ta_crash/core.cljs
Compiling target/figwheel_temp/dev/figwheel/connect.cljs
notifying browser that file changed:  out/ta_crash/area_menu.js
[32mSuccessfully compiled "resources/public/js/main.js" in 1.56 seconds.[0m
[0mCompiling "resources/public/js/main.js" from ["src"]...
Compiling src/ta_crash/area-menu.cljs
Compiling src/ta_crash/core.cljs
Compiling target/figwheel_temp/dev/figwheel/connect.cljs
notifying browser that file changed:  out/ta_crash/area_menu.js
[32mSuccessfully compiled "resources/public/js/main.js" in 1.232 seconds.[0m
[0mCompiling "resources/public/js/main.js" from ["src"]...
Compiling src/ta_crash/core.cljs
Compiling target/figwheel_temp/dev/figwheel/connect.cljs
notifying browser that file changed:  out/ta_crash/core.js
[32mSuccessfully compiled "resources/public/js/main.js" in 1.356 seconds.[0m
[0mCompiling "resources/public/js/main.js" from ["src"]...
Compiling src/ta_crash/area-menu.cljs
WARNING: Use of undeclared Var ta-crash.area-menu/parent at line 44 src/ta_crash/area-menu.cljs
WARNING: Use of undeclared Var ta-crash.area-menu/item at line 45 src/ta_crash/area-menu.cljs
WARNING: Use of undeclared Var ta-crash.area-menu/item at line 46 src/ta_crash/area-menu.cljs
Compiling src/ta_crash/core.cljs
Compiling target/figwheel_temp/dev/figwheel/connect.cljs
notifying browser that file changed:  out/ta_crash/area_menu.js
[32mSuccessfully compiled "resources/public/js/main.js" in 1.389 seconds.[0m
[0mCompiling "resources/public/js/main.js" from ["src"]...
Compiling src/ta_crash/area-menu.cljs
Compiling src/ta_crash/core.cljs
Compiling target/figwheel_temp/dev/figwheel/connect.cljs
notifying browser that file changed:  out/ta_crash/area_menu.js
[32mSuccessfully compiled "resources/public/js/main.js" in 0.733 seconds.[0m
[0mCompiling "resources/public/js/main.js" from ["src"]...
Compiling src/ta_crash/area-menu.cljs
Compiling src/ta_crash/core.cljs
Compiling target/figwheel_temp/dev/figwheel/connect.cljs
notifying browser that file changed:  out/ta_crash/area_menu.js
[32mSuccessfully compiled "resources/public/js/main.js" in 1.207 seconds.[0m
[0mCompiling "resources/public/js/main.js" from ["src"]...
Compiling src/ta_crash/area-menu.cljs
Compiling src/ta_crash/core.cljs
Compiling target/figwheel_temp/dev/figwheel/connect.cljs
notifying browser that file changed:  out/ta_crash/area_menu.js
[32mSuccessfully compiled "resources/public/js/main.js" in 1.245 seconds.[0m
[0mCompiling "resources/public/js/main.js" from ["src"]...
Compiling src/ta_crash/area-menu.cljs
Compiling src/ta_crash/core.cljs
Compiling target/figwheel_temp/dev/figwheel/connect.cljs
notifying browser that file changed:  out/ta_crash/area_menu.js
[32mSuccessfully compiled "resources/public/js/main.js" in 1.228 seconds.[0m
[0mCompiling "resources/public/js/main.js" from ["src"]...
Compiling src/ta_crash/area-menu.cljs
Compiling src/ta_crash/core.cljs
Compiling target/figwheel_temp/dev/figwheel/connect.cljs
notifying browser that file changed:  out/ta_crash/area_menu.js
[32mSuccessfully compiled "resources/public/js/main.js" in 1.107 seconds.[0m
[0mCompiling "resources/public/js/main.js" from ["src"]...
Compiling src/ta_crash/area-menu.cljs
Compiling src/ta_crash/core.cljs
Compiling target/figwheel_temp/dev/figwheel/connect.cljs
notifying browser that file changed:  out/ta_crash/area_menu.js
[32mSuccessfully compiled "resources/public/js/main.js" in 1.021 seconds.[0m
[0mCompiling "resources/public/js/main.js" from ["src"]...
Compiling src/ta_crash/area-menu.cljs
Compiling src/ta_crash/core.cljs
Compiling target/figwheel_temp/dev/figwheel/connect.cljs
notifying browser that file changed:  out/ta_crash/area_menu.js
[32mSuccessfully compiled "resources/public/js/main.js" in 1.452 seconds.[0m
[0mCompiling "resources/public/js/main.js" from ["src"]...
Compiling src/ta_crash/area-menu.cljs
Compiling src/ta_crash/core.cljs
Compiling target/figwheel_temp/dev/figwheel/connect.cljs
notifying browser that file changed:  out/ta_crash/area_menu.js
[32mSuccessfully compiled "resources/public/js/main.js" in 1.283 seconds.[0m
[0mCompiling "resources/public/js/main.js" from ["src"]...
Compiling src/ta_crash/area-menu.cljs
[31mCompiling "resources/public/js/main.js" failed.
[0mERROR: EOF while reading, starting at line 43 and column 1 on file /Users/akilharris/projects/om-next-crash/src/ta_crash/area-menu.cljs, line 83, column 1
[32mSuccessfully compiled "resources/public/js/main.js" in 0.889 seconds.[0m
[0mCompiling "resources/public/js/main.js" from ["src"]...
Compiling src/ta_crash/area-menu.cljs
Compiling src/ta_crash/core.cljs
Compiling target/figwheel_temp/dev/figwheel/connect.cljs
notifying browser that file changed:  out/ta_crash/area_menu.js
[32mSuccessfully compiled "resources/public/js/main.js" in 1.005 seconds.[0m
[0mCompiling "resources/public/js/main.js" from ["src"]...
Compiling src/ta_crash/area-menu.cljs
Compiling src/ta_crash/core.cljs
Compiling target/figwheel_temp/dev/figwheel/connect.cljs
notifying browser that file changed:  out/ta_crash/area_menu.js
[32mSuccessfully compiled "resources/public/js/main.js" in 0.328 seconds.[0m
[0mCompiling "resources/public/js/main.js" from ["src"]...
Compiling src/ta_crash/core.cljs
Compiling target/figwheel_temp/dev/figwheel/connect.cljs
notifying browser that file changed:  out/ta_crash/core.js
[32mSuccessfully compiled "resources/public/js/main.js" in 1.138 seconds.[0m
[0mCompiling "resources/public/js/main.js" from ["src"]...
Compiling src/ta_crash/area-menu.cljs
Compiling src/ta_crash/core.cljs
Compiling target/figwheel_temp/dev/figwheel/connect.cljs
notifying browser that file changed:  out/ta_crash/area_menu.js
[32mSuccessfully compiled "resources/public/js/main.js" in 1.026 seconds.[0m
[0mCompiling "resources/public/js/main.js" from ["src"]...
Compiling src/ta_crash/area-menu.cljs
Compiling src/ta_crash/core.cljs
Compiling target/figwheel_temp/dev/figwheel/connect.cljs
notifying browser that file changed:  out/ta_crash/area_menu.js
[32mSuccessfully compiled "resources/public/js/main.js" in 1.212 seconds.[0m
[0mCompiling "resources/public/js/main.js" from ["src"]...
Compiling src/ta_crash/area-menu.cljs
Compiling src/ta_crash/core.cljs
Compiling target/figwheel_temp/dev/figwheel/connect.cljs
notifying browser that file changed:  out/ta_crash/area_menu.js
[32mSuccessfully compiled "resources/public/js/main.js" in 1.148 seconds.[0m
[0mCompiling "resources/public/js/main.js" from ["src"]...
Compiling src/ta_crash/core.cljs
Compiling target/figwheel_temp/dev/figwheel/connect.cljs
notifying browser that file changed:  out/ta_crash/core.js
[32mSuccessfully compiled "resources/public/js/main.js" in 0.359 seconds.[0m
[0mCompiling "resources/public/js/main.js" from ["src"]...
Compiling src/ta_crash/core.cljs
Compiling target/figwheel_temp/dev/figwheel/connect.cljs
notifying browser that file changed:  out/ta_crash/core.js
[32mSuccessfully compiled "resources/public/js/main.js" in 2.689 seconds.[0m
[0mCompiling "resources/public/js/main.js" from ["src"]...
[32mSuccessfully compiled "resources/public/js/main.js" in 2.087 seconds.[0m
[0mCompiling "resources/public/js/main.js" from ["src"]...
[32mSuccessfully compiled "resources/public/js/main.js" in 2.062 seconds.[0m
[0mCompiling "resources/public/js/main.js" from ["src"]...
[32mSuccessfully compiled "resources/public/js/main.js" in 1.641 seconds.[0m
[0mCompiling "resources/public/js/main.js" from ["src"]...
Compiling src/ta_crash/core.cljs
[31mCompiling "resources/public/js/main.js" failed.
[0mANALYSIS ERROR: No such namespace: yesql.core, could not locate yesql/core.cljs, yesql/core.cljc, or Closure namespace "yesql.core" on file null, line null, column null
[32mSuccessfully compiled "resources/public/js/main.js" in 1.847 seconds.[0m
[0mCompiling "resources/public/js/main.js" from ["src"]...
Compiling src/ta_crash/core.cljs
[31mCompiling "resources/public/js/main.js" failed.
[0mANALYSIS ERROR: No such namespace: yesql.core, could not locate yesql/core.cljs, yesql/core.cljc, or Closure namespace "yesql.core" on file null, line null, column null
[32mSuccessfully compiled "resources/public/js/main.js" in 1.365 seconds.[0m
